# JRE version: Java(TM) SE Runtime Environment (8.0_131-b11) (build 1.8.0_131-b11)
# Java VM: Java HotSpot(TM) 64-Bit Server VM (25.131-b11 mixed mode windows-amd64 compressed oops)
Heap:
 PSYoungGen      total 143360K, used 44356K [0x00000000d5580000, 0x00000000e1480000, 0x0000000100000000)
  eden space 112128K, 31% used [0x00000000d5580000,0x00000000d77d9a50,0x00000000dc300000)
  from space 31232K, 29% used [0x00000000dc300000,0x00000000dcbf7908,0x00000000de180000)
  to   space 10240K, 0% used [0x00000000de180000,0x00000000de180000,0x00000000deb80000)
 ParOldGen       total 87552K, used 87148K [0x0000000080000000, 0x0000000085580000, 0x00000000d5580000)
  object space 87552K, 99% used [0x0000000080000000,0x000000008551b3b0,0x0000000085580000)
 Metaspace       used 17048K, capacity 17224K, committed 17536K, reserved 1064960K
  class space    used 2286K, capacity 2374K, committed 2432K, reserved 1048576K
GC Heap History (10 events):
Event: 6.295 GC heap before
{Heap before GC invocations=4 (full 0):
 PSYoungGen      total 38400K, used 37767K [0x00000000d5580000, 0x00000000da080000, 0x0000000100000000)
  eden space 33280K, 100% used [0x00000000d5580000,0x00000000d7600000,0x00000000d7600000)
  from space 5120K, 87% used [0x00000000d7600000,0x00000000d7a61f18,0x00000000d7b00000)
  to   space 5120K, 0% used [0x00000000d9b80000,0x00000000d9b80000,0x00000000da080000)
 ParOldGen       total 87552K, used 5280K [0x0000000080000000, 0x0000000085580000, 0x00000000d5580000)
  object space 87552K, 6% used [0x0000000080000000,0x0000000080528228,0x0000000085580000)
 Metaspace       used 14013K, capacity 14198K, committed 14592K, reserved 1062912K
  class space    used 1892K, capacity 1985K, committed 2048K, reserved 1048576K
Event: 6.310 GC heap after
Heap after GC invocations=4 (full 0):
 PSYoungGen      total 71680K, used 4311K [0x00000000d5580000, 0x00000000da080000, 0x0000000100000000)
  eden space 66560K, 0% used [0x00000000d5580000,0x00000000d5580000,0x00000000d9680000)
  from space 5120K, 84% used [0x00000000d9b80000,0x00000000d9fb5f08,0x00000000da080000)
  to   space 5120K, 0% used [0x00000000d9680000,0x00000000d9680000,0x00000000d9b80000)
 ParOldGen       total 87552K, used 5288K [0x0000000080000000, 0x0000000085580000, 0x00000000d5580000)
  object space 87552K, 6% used [0x0000000080000000,0x000000008052a228,0x0000000085580000)
 Metaspace       used 14013K, capacity 14198K, committed 14592K, reserved 1062912K
  class space    used 1892K, capacity 1985K, committed 2048K, reserved 1048576K
}
Event: 7.336 GC heap before
{Heap before GC invocations=5 (full 0):
 PSYoungGen      total 71680K, used 70871K [0x00000000d5580000, 0x00000000da080000, 0x0000000100000000)
  eden space 66560K, 100% used [0x00000000d5580000,0x00000000d9680000,0x00000000d9680000)
  from space 5120K, 84% used [0x00000000d9b80000,0x00000000d9fb5f08,0x00000000da080000)
  to   space 5120K, 0% used [0x00000000d9680000,0x00000000d9680000,0x00000000d9b80000)
 ParOldGen       total 87552K, used 5288K [0x0000000080000000, 0x0000000085580000, 0x00000000d5580000)
  object space 87552K, 6% used [0x0000000080000000,0x000000008052a228,0x0000000085580000)
 Metaspace       used 16642K, capacity 16872K, committed 17280K, reserved 1064960K
  class space    used 2253K, capacity 2342K, committed 2432K, reserved 1048576K
Event: 7.361 GC heap after
Heap after GC invocations=5 (full 0):
 PSYoungGen      total 71680K, used 5116K [0x00000000d5580000, 0x00000000deb80000, 0x0000000100000000)
  eden space 66560K, 0% used [0x00000000d5580000,0x00000000d5580000,0x00000000d9680000)
  from space 5120K, 99% used [0x00000000d9680000,0x00000000d9b7f008,0x00000000d9b80000)
  to   space 10240K, 0% used [0x00000000de180000,0x00000000de180000,0x00000000deb80000)
 ParOldGen       total 87552K, used 8632K [0x0000000080000000, 0x0000000085580000, 0x00000000d5580000)
  object space 87552K, 9% used [0x0000000080000000,0x000000008086e378,0x0000000085580000)
 Metaspace       used 16642K, capacity 16872K, committed 17280K, reserved 1064960K
  class space    used 2253K, capacity 2342K, committed 2432K, reserved 1048576K
}
Event: 7.836 GC heap before
{Heap before GC invocations=6 (full 0):
 PSYoungGen      total 71680K, used 71676K [0x00000000d5580000, 0x00000000deb80000, 0x0000000100000000)
  eden space 66560K, 100% used [0x00000000d5580000,0x00000000d9680000,0x00000000d9680000)
  from space 5120K, 99% used [0x00000000d9680000,0x00000000d9b7f008,0x00000000d9b80000)
  to   space 10240K, 0% used [0x00000000de180000,0x00000000de180000,0x00000000deb80000)
 ParOldGen       total 87552K, used 8632K [0x0000000080000000, 0x0000000085580000, 0x00000000d5580000)
  object space 87552K, 9% used [0x0000000080000000,0x000000008086e378,0x0000000085580000)
 Metaspace       used 16673K, capacity 16872K, committed 17280K, reserved 1064960K
  class space    used 2261K, capacity 2342K, committed 2432K, reserved 1048576K
Event: 7.952 GC heap after
Heap after GC invocations=6 (full 0):
 PSYoungGen      total 122368K, used 10220K [0x00000000d5580000, 0x00000000e1480000, 0x0000000100000000)
  eden space 112128K, 0% used [0x00000000d5580000,0x00000000d5580000,0x00000000dc300000)
  from space 10240K, 99% used [0x00000000de180000,0x00000000deb7b018,0x00000000deb80000)
  to   space 31232K, 0% used [0x00000000dc300000,0x00000000dc300000,0x00000000de180000)
 ParOldGen       total 87552K, used 43176K [0x0000000080000000, 0x0000000085580000, 0x00000000d5580000)
  object space 87552K, 49% used [0x0000000080000000,0x0000000082a2a388,0x0000000085580000)
 Metaspace       used 16673K, capacity 16872K, committed 17280K, reserved 1064960K
  class space    used 2261K, capacity 2342K, committed 2432K, reserved 1048576K
}
Event: 8.228 GC heap before
{Heap before GC invocations=7 (full 0):
 PSYoungGen      total 122368K, used 91328K [0x00000000d5580000, 0x00000000e1480000, 0x0000000100000000)
  eden space 112128K, 72% used [0x00000000d5580000,0x00000000da4b5090,0x00000000dc300000)
  from space 10240K, 99% used [0x00000000de180000,0x00000000deb7b018,0x00000000deb80000)
  to   space 31232K, 0% used [0x00000000dc300000,0x00000000dc300000,0x00000000de180000)
 ParOldGen       total 87552K, used 43176K [0x0000000080000000, 0x0000000085580000, 0x00000000d5580000)
  object space 87552K, 49% used [0x0000000080000000,0x0000000082a2a388,0x0000000085580000)
 Metaspace       used 16689K, capacity 16904K, committed 17280K, reserved 1064960K
  class space    used 2264K, capacity 2374K, committed 2432K, reserved 1048576K
Event: 8.393 GC heap after
Heap after GC invocations=7 (full 0):
 PSYoungGen      total 143360K, used 31219K [0x00000000d5580000, 0x00000000e1480000, 0x0000000100000000)
  eden space 112128K, 0% used [0x00000000d5580000,0x00000000d5580000,0x00000000dc300000)
  from space 31232K, 99% used [0x00000000dc300000,0x00000000de17ccf8,0x00000000de180000)
  to   space 10240K, 0% used [0x00000000de180000,0x00000000de180000,0x00000000deb80000)
 ParOldGen       total 87552K, used 72641K [0x0000000080000000, 0x0000000085580000, 0x00000000d5580000)
  object space 87552K, 82% used [0x0000000080000000,0x00000000846f0560,0x0000000085580000)
 Metaspace       used 16689K, capacity 16904K, committed 17280K, reserved 1064960K
  class space    used 2264K, capacity 2374K, committed 2432K, reserved 1048576K
}
Event: 8.393 GC heap before
{Heap before GC invocations=8 (full 1):
 PSYoungGen      total 143360K, used 31219K [0x00000000d5580000, 0x00000000e1480000, 0x0000000100000000)
  eden space 112128K, 0% used [0x00000000d5580000,0x00000000d5580000,0x00000000dc300000)
  from space 31232K, 99% used [0x00000000dc300000,0x00000000de17ccf8,0x00000000de180000)
  to   space 10240K, 0% used [0x00000000de180000,0x00000000de180000,0x00000000deb80000)
 ParOldGen       total 87552K, used 72641K [0x0000000080000000, 0x0000000085580000, 0x00000000d5580000)
  object space 87552K, 82% used [0x0000000080000000,0x00000000846f0560,0x0000000085580000)
 Metaspace       used 16689K, capacity 16904K, committed 17280K, reserved 1064960K
  class space    used 2264K, capacity 2374K, committed 2432K, reserved 1048576K
Event: 9.233 GC heap after
Heap after GC invocations=8 (full 1):
 PSYoungGen      total 143360K, used 9182K [0x00000000d5580000, 0x00000000e1480000, 0x0000000100000000)
  eden space 112128K, 0% used [0x00000000d5580000,0x00000000d5580000,0x00000000dc300000)
  from space 31232K, 29% used [0x00000000dc300000,0x00000000dcbf7908,0x00000000de180000)
  to   space 10240K, 0% used [0x00000000de180000,0x00000000de180000,0x00000000deb80000)
 ParOldGen       total 87552K, used 87148K [0x0000000080000000, 0x0000000085580000, 0x00000000d5580000)
  object space 87552K, 99% used [0x0000000080000000,0x000000008551b3b0,0x0000000085580000)
 Metaspace       used 16689K, capacity 16904K, committed 17280K, reserved 1064960K
  class space    used 2264K, capacity 2374K, committed 2432K, reserved 1048576K
}

