# JRE version: Java(TM) SE Runtime Environment (8.0_131-b11) (build 1.8.0_131-b11)
# Java VM: Java HotSpot(TM) 64-Bit Server VM (25.131-b11 mixed mode windows-amd64 compressed oops)
Heap:
 PSYoungGen      total 383488K, used 96937K [0x00000000d5580000, 0x00000000ee900000, 0x0000000100000000)
  eden space 356864K, 25% used [0x00000000d5580000,0x00000000daf26fe0,0x00000000eb200000)
  from space 26624K, 19% used [0x00000000ecf00000,0x00000000ed403570,0x00000000ee900000)
  to   space 28160K, 0% used [0x00000000eb200000,0x00000000eb200000,0x00000000ecd80000)
 ParOldGen       total 107520K, used 41260K [0x0000000080000000, 0x0000000086900000, 0x00000000d5580000)
  object space 107520K, 38% used [0x0000000080000000,0x000000008284b0d8,0x0000000086900000)
 Metaspace       used 19998K, capacity 20218K, committed 20608K, reserved 1067008K
  class space    used 2595K, capacity 2665K, committed 2688K, reserved 1048576K
GC Heap History (10 events):
Event: 106.283 GC heap before
{Heap before GC invocations=7 (full 0):
 PSYoungGen      total 123392K, used 123378K [0x00000000d5580000, 0x00000000e1680000, 0x0000000100000000)
  eden space 112128K, 100% used [0x00000000d5580000,0x00000000dc300000,0x00000000dc300000)
  from space 11264K, 99% used [0x00000000de280000,0x00000000ded7c890,0x00000000ded80000)
  to   space 32256K, 0% used [0x00000000dc300000,0x00000000dc300000,0x00000000de280000)
 ParOldGen       total 87552K, used 42424K [0x0000000080000000, 0x0000000085580000, 0x00000000d5580000)
  object space 87552K, 48% used [0x0000000080000000,0x000000008296e298,0x0000000085580000)
 Metaspace       used 17092K, capacity 17288K, committed 17536K, reserved 1064960K
  class space    used 2262K, capacity 2374K, committed 2432K, reserved 1048576K
Event: 106.323 GC heap after
Heap after GC invocations=7 (full 0):
 PSYoungGen      total 144384K, used 2595K [0x00000000d5580000, 0x00000000e6e80000, 0x0000000100000000)
  eden space 112128K, 0% used [0x00000000d5580000,0x00000000d5580000,0x00000000dc300000)
  from space 32256K, 8% used [0x00000000dc300000,0x00000000dc588d40,0x00000000de280000)
  to   space 31744K, 0% used [0x00000000e4f80000,0x00000000e4f80000,0x00000000e6e80000)
 ParOldGen       total 87552K, used 76958K [0x0000000080000000, 0x0000000085580000, 0x00000000d5580000)
  object space 87552K, 87% used [0x0000000080000000,0x0000000084b27a50,0x0000000085580000)
 Metaspace       used 17092K, capacity 17288K, committed 17536K, reserved 1064960K
  class space    used 2262K, capacity 2374K, committed 2432K, reserved 1048576K
}
Event: 106.323 GC heap before
{Heap before GC invocations=8 (full 1):
 PSYoungGen      total 144384K, used 2595K [0x00000000d5580000, 0x00000000e6e80000, 0x0000000100000000)
  eden space 112128K, 0% used [0x00000000d5580000,0x00000000d5580000,0x00000000dc300000)
  from space 32256K, 8% used [0x00000000dc300000,0x00000000dc588d40,0x00000000de280000)
  to   space 31744K, 0% used [0x00000000e4f80000,0x00000000e4f80000,0x00000000e6e80000)
 ParOldGen       total 87552K, used 76958K [0x0000000080000000, 0x0000000085580000, 0x00000000d5580000)
  object space 87552K, 87% used [0x0000000080000000,0x0000000084b27a50,0x0000000085580000)
 Metaspace       used 17092K, capacity 17288K, committed 17536K, reserved 1064960K
  class space    used 2262K, capacity 2374K, committed 2432K, reserved 1048576K
Event: 106.370 GC heap after
Heap after GC invocations=8 (full 1):
 PSYoungGen      total 144384K, used 0K [0x00000000d5580000, 0x00000000e6e80000, 0x0000000100000000)
  eden space 112128K, 0% used [0x00000000d5580000,0x00000000d5580000,0x00000000dc300000)
  from space 32256K, 0% used [0x00000000dc300000,0x00000000dc300000,0x00000000de280000)
  to   space 31744K, 0% used [0x00000000e4f80000,0x00000000e4f80000,0x00000000e6e80000)
 ParOldGen       total 107520K, used 38900K [0x0000000080000000, 0x0000000086900000, 0x00000000d5580000)
  object space 107520K, 36% used [0x0000000080000000,0x00000000825fd0d8,0x0000000086900000)
 Metaspace       used 17092K, capacity 17288K, committed 17536K, reserved 1064960K
  class space    used 2262K, capacity 2374K, committed 2432K, reserved 1048576K
}
Event: 106.902 GC heap before
{Heap before GC invocations=9 (full 1):
 PSYoungGen      total 144384K, used 112128K [0x00000000d5580000, 0x00000000e6e80000, 0x0000000100000000)
  eden space 112128K, 100% used [0x00000000d5580000,0x00000000dc300000,0x00000000dc300000)
  from space 32256K, 0% used [0x00000000dc300000,0x00000000dc300000,0x00000000de280000)
  to   space 31744K, 0% used [0x00000000e4f80000,0x00000000e4f80000,0x00000000e6e80000)
 ParOldGen       total 107520K, used 38900K [0x0000000080000000, 0x0000000086900000, 0x00000000d5580000)
  object space 107520K, 36% used [0x0000000080000000,0x00000000825fd0d8,0x0000000086900000)
 Metaspace       used 17119K, capacity 17352K, committed 17792K, reserved 1064960K
  class space    used 2264K, capacity 2374K, committed 2432K, reserved 1048576K
Event: 106.905 GC heap after
Heap after GC invocations=9 (full 1):
 PSYoungGen      total 253952K, used 2336K [0x00000000d5580000, 0x00000000e6d00000, 0x0000000100000000)
  eden space 223744K, 0% used [0x00000000d5580000,0x00000000d5580000,0x00000000e3000000)
  from space 30208K, 7% used [0x00000000e4f80000,0x00000000e51c8000,0x00000000e6d00000)
  to   space 31232K, 0% used [0x00000000e3000000,0x00000000e3000000,0x00000000e4e80000)
 ParOldGen       total 107520K, used 38908K [0x0000000080000000, 0x0000000086900000, 0x00000000d5580000)
  object space 107520K, 36% used [0x0000000080000000,0x00000000825ff0d8,0x0000000086900000)
 Metaspace       used 17119K, capacity 17352K, committed 17792K, reserved 1064960K
  class space    used 2264K, capacity 2374K, committed 2432K, reserved 1048576K
}
Event: 171.157 GC heap before
{Heap before GC invocations=10 (full 1):
 PSYoungGen      total 253952K, used 226080K [0x00000000d5580000, 0x00000000e6d00000, 0x0000000100000000)
  eden space 223744K, 100% used [0x00000000d5580000,0x00000000e3000000,0x00000000e3000000)
  from space 30208K, 7% used [0x00000000e4f80000,0x00000000e51c8000,0x00000000e6d00000)
  to   space 31232K, 0% used [0x00000000e3000000,0x00000000e3000000,0x00000000e4e80000)
 ParOldGen       total 107520K, used 38908K [0x0000000080000000, 0x0000000086900000, 0x00000000d5580000)
  object space 107520K, 36% used [0x0000000080000000,0x00000000825ff0d8,0x0000000086900000)
 Metaspace       used 19528K, capacity 19770K, committed 20096K, reserved 1067008K
  class space    used 2594K, capacity 2665K, committed 2688K, reserved 1048576K
Event: 171.168 GC heap after
Heap after GC invocations=10 (full 1):
 PSYoungGen      total 254976K, used 8839K [0x00000000d5580000, 0x00000000eeb80000, 0x0000000100000000)
  eden space 223744K, 0% used [0x00000000d5580000,0x00000000d5580000,0x00000000e3000000)
  from space 31232K, 28% used [0x00000000e3000000,0x00000000e38a1f78,0x00000000e4e80000)
  to   space 29184K, 0% used [0x00000000ecf00000,0x00000000ecf00000,0x00000000eeb80000)
 ParOldGen       total 107520K, used 38916K [0x0000000080000000, 0x0000000086900000, 0x00000000d5580000)
  object space 107520K, 36% used [0x0000000080000000,0x00000000826010d8,0x0000000086900000)
 Metaspace       used 19528K, capacity 19770K, committed 20096K, reserved 1067008K
  class space    used 2594K, capacity 2665K, committed 2688K, reserved 1048576K
}
Event: 547.807 GC heap before
{Heap before GC invocations=11 (full 1):
 PSYoungGen      total 254976K, used 232583K [0x00000000d5580000, 0x00000000eeb80000, 0x0000000100000000)
  eden space 223744K, 100% used [0x00000000d5580000,0x00000000e3000000,0x00000000e3000000)
  from space 31232K, 28% used [0x00000000e3000000,0x00000000e38a1f78,0x00000000e4e80000)
  to   space 29184K, 0% used [0x00000000ecf00000,0x00000000ecf00000,0x00000000eeb80000)
 ParOldGen       total 107520K, used 38916K [0x0000000080000000, 0x0000000086900000, 0x00000000d5580000)
  object space 107520K, 36% used [0x0000000080000000,0x00000000826010d8,0x0000000086900000)
 Metaspace       used 19920K, capacity 20090K, committed 20352K, reserved 1067008K
  class space    used 2595K, capacity 2665K, committed 2688K, reserved 1048576K
Event: 547.821 GC heap after
Heap after GC invocations=11 (full 1):
 PSYoungGen      total 383488K, used 5133K [0x00000000d5580000, 0x00000000ee900000, 0x0000000100000000)
  eden space 356864K, 0% used [0x00000000d5580000,0x00000000d5580000,0x00000000eb200000)
  from space 26624K, 19% used [0x00000000ecf00000,0x00000000ed403570,0x00000000ee900000)
  to   space 28160K, 0% used [0x00000000eb200000,0x00000000eb200000,0x00000000ecd80000)
 ParOldGen       total 107520K, used 41260K [0x0000000080000000, 0x0000000086900000, 0x00000000d5580000)
  object space 107520K, 38% used [0x0000000080000000,0x000000008284b0d8,0x0000000086900000)
 Metaspace       used 19920K, capacity 20090K, committed 20352K, reserved 1067008K
  class space    used 2595K, capacity 2665K, committed 2688K, reserved 1048576K
}

