# JRE version: OpenJDK Runtime Environment (8.0_402-b06) (build 1.8.0_402-b06)
# Java VM: OpenJDK 64-Bit Server VM (25.402-b06 mixed mode windows-amd64 compressed oops)
Heap:
 PSYoungGen      total 379904K, used 310423K [0x00000000d5580000, 0x00000000fc980000, 0x0000000100000000)
  eden space 326656K, 95% used [0x00000000d5580000,0x00000000e84a5e08,0x00000000e9480000)
  from space 53248K, 0% used [0x00000000e9480000,0x00000000e9480000,0x00000000ec880000)
  to   space 127488K, 0% used [0x00000000f4d00000,0x00000000f4d00000,0x00000000fc980000)
 ParOldGen       total 531968K, used 294277K [0x0000000080000000, 0x00000000a0780000, 0x00000000d5580000)
  object space 531968K, 55% used [0x0000000080000000,0x0000000091f61520,0x00000000a0780000)
 Metaspace       used 11204K, capacity 11304K, committed 11520K, reserved 1058816K
  class space    used 1231K, capacity 1266K, committed 1280K, reserved 1048576K
GC Heap History (10 events):
Event: 4.587 GC heap before
{Heap before GC invocations=16 (full 2):
 PSYoungGen      total 267264K, used 235537K [0x00000000d5580000, 0x00000000eb880000, 0x0000000100000000)
  eden space 211968K, 100% used [0x00000000d5580000,0x00000000e2480000,0x00000000e2480000)
  from space 55296K, 42% used [0x00000000e2480000,0x00000000e3b84528,0x00000000e5a80000)
  to   space 52736K, 0% used [0x00000000e8500000,0x00000000e8500000,0x00000000eb880000)
 ParOldGen       total 293888K, used 140532K [0x0000000080000000, 0x0000000091f00000, 0x00000000d5580000)
  object space 293888K, 47% used [0x0000000080000000,0x000000008893d250,0x0000000091f00000)
 Metaspace       used 9581K, capacity 9642K, committed 9856K, reserved 1058816K
  class space    used 1014K, capacity 1037K, committed 1152K, reserved 1048576K
Event: 4.669 GC heap after
Heap after GC invocations=16 (full 2):
 PSYoungGen      total 311808K, used 26513K [0x00000000d5580000, 0x00000000ebf00000, 0x0000000100000000)
  eden space 259072K, 0% used [0x00000000d5580000,0x00000000d5580000,0x00000000e5280000)
  from space 52736K, 50% used [0x00000000e8500000,0x00000000e9ee4528,0x00000000eb880000)
  to   space 51712K, 0% used [0x00000000e5280000,0x00000000e5280000,0x00000000e8500000)
 ParOldGen       total 293888K, used 140532K [0x0000000080000000, 0x0000000091f00000, 0x00000000d5580000)
  object space 293888K, 47% used [0x0000000080000000,0x000000008893d250,0x0000000091f00000)
 Metaspace       used 9581K, capacity 9642K, committed 9856K, reserved 1058816K
  class space    used 1014K, capacity 1037K, committed 1152K, reserved 1048576K
}
Event: 4.787 GC heap before
{Heap before GC invocations=17 (full 2):
 PSYoungGen      total 311808K, used 285585K [0x00000000d5580000, 0x00000000ebf00000, 0x0000000100000000)
  eden space 259072K, 100% used [0x00000000d5580000,0x00000000e5280000,0x00000000e5280000)
  from space 52736K, 50% used [0x00000000e8500000,0x00000000e9ee4528,0x00000000eb880000)
  to   space 51712K, 0% used [0x00000000e5280000,0x00000000e5280000,0x00000000e8500000)
 ParOldGen       total 293888K, used 140532K [0x0000000080000000, 0x0000000091f00000, 0x00000000d5580000)
  object space 293888K, 47% used [0x0000000080000000,0x000000008893d250,0x0000000091f00000)
 Metaspace       used 9581K, capacity 9642K, committed 9856K, reserved 1058816K
  class space    used 1014K, capacity 1037K, committed 1152K, reserved 1048576K
Event: 4.848 GC heap after
Heap after GC invocations=17 (full 2):
 PSYoungGen      total 310784K, used 30377K [0x00000000d5580000, 0x00000000efb80000, 0x0000000100000000)
  eden space 259072K, 0% used [0x00000000d5580000,0x00000000d5580000,0x00000000e5280000)
  from space 51712K, 58% used [0x00000000e5280000,0x00000000e702a7a8,0x00000000e8500000)
  to   space 52224K, 0% used [0x00000000ec880000,0x00000000ec880000,0x00000000efb80000)
 ParOldGen       total 293888K, used 140532K [0x0000000080000000, 0x0000000091f00000, 0x00000000d5580000)
  object space 293888K, 47% used [0x0000000080000000,0x000000008893d250,0x0000000091f00000)
 Metaspace       used 9581K, capacity 9642K, committed 9856K, reserved 1058816K
  class space    used 1014K, capacity 1037K, committed 1152K, reserved 1048576K
}
Event: 4.942 GC heap before
{Heap before GC invocations=18 (full 2):
 PSYoungGen      total 310784K, used 289449K [0x00000000d5580000, 0x00000000efb80000, 0x0000000100000000)
  eden space 259072K, 100% used [0x00000000d5580000,0x00000000e5280000,0x00000000e5280000)
  from space 51712K, 58% used [0x00000000e5280000,0x00000000e702a7a8,0x00000000e8500000)
  to   space 52224K, 0% used [0x00000000ec880000,0x00000000ec880000,0x00000000efb80000)
 ParOldGen       total 293888K, used 140532K [0x0000000080000000, 0x0000000091f00000, 0x00000000d5580000)
  object space 293888K, 47% used [0x0000000080000000,0x000000008893d250,0x0000000091f00000)
 Metaspace       used 9581K, capacity 9642K, committed 9856K, reserved 1058816K
  class space    used 1014K, capacity 1037K, committed 1152K, reserved 1048576K
Event: 5.045 GC heap after
Heap after GC invocations=18 (full 2):
 PSYoungGen      total 378880K, used 33993K [0x00000000d5580000, 0x00000000f0380000, 0x0000000100000000)
  eden space 326656K, 0% used [0x00000000d5580000,0x00000000d5580000,0x00000000e9480000)
  from space 52224K, 65% used [0x00000000ec880000,0x00000000ee9b27a8,0x00000000efb80000)
  to   space 53248K, 0% used [0x00000000e9480000,0x00000000e9480000,0x00000000ec880000)
 ParOldGen       total 293888K, used 140532K [0x0000000080000000, 0x0000000091f00000, 0x00000000d5580000)
  object space 293888K, 47% used [0x0000000080000000,0x000000008893d250,0x0000000091f00000)
 Metaspace       used 9581K, capacity 9642K, committed 9856K, reserved 1058816K
  class space    used 1014K, capacity 1037K, committed 1152K, reserved 1048576K
}
Event: 6.312 GC heap before
{Heap before GC invocations=19 (full 2):
 PSYoungGen      total 378880K, used 360649K [0x00000000d5580000, 0x00000000f0380000, 0x0000000100000000)
  eden space 326656K, 100% used [0x00000000d5580000,0x00000000e9480000,0x00000000e9480000)
  from space 52224K, 65% used [0x00000000ec880000,0x00000000ee9b27a8,0x00000000efb80000)
  to   space 53248K, 0% used [0x00000000e9480000,0x00000000e9480000,0x00000000ec880000)
 ParOldGen       total 293888K, used 140532K [0x0000000080000000, 0x0000000091f00000, 0x00000000d5580000)
  object space 293888K, 47% used [0x0000000080000000,0x000000008893d250,0x0000000091f00000)
 Metaspace       used 10213K, capacity 10314K, committed 10624K, reserved 1058816K
  class space    used 1114K, capacity 1133K, committed 1152K, reserved 1048576K
Event: 6.855 GC heap after
Heap after GC invocations=19 (full 2):
 PSYoungGen      total 379904K, used 53225K [0x00000000d5580000, 0x00000000fc980000, 0x0000000100000000)
  eden space 326656K, 0% used [0x00000000d5580000,0x00000000d5580000,0x00000000e9480000)
  from space 53248K, 99% used [0x00000000e9480000,0x00000000ec87a7b8,0x00000000ec880000)
  to   space 127488K, 0% used [0x00000000f4d00000,0x00000000f4d00000,0x00000000fc980000)
 ParOldGen       total 318464K, used 318329K [0x0000000080000000, 0x0000000093700000, 0x00000000d5580000)
  object space 318464K, 99% used [0x0000000080000000,0x00000000936de668,0x0000000093700000)
 Metaspace       used 10213K, capacity 10314K, committed 10624K, reserved 1058816K
  class space    used 1114K, capacity 1133K, committed 1152K, reserved 1048576K
}
Event: 6.855 GC heap before
{Heap before GC invocations=20 (full 3):
 PSYoungGen      total 379904K, used 53225K [0x00000000d5580000, 0x00000000fc980000, 0x0000000100000000)
  eden space 326656K, 0% used [0x00000000d5580000,0x00000000d5580000,0x00000000e9480000)
  from space 53248K, 99% used [0x00000000e9480000,0x00000000ec87a7b8,0x00000000ec880000)
  to   space 127488K, 0% used [0x00000000f4d00000,0x00000000f4d00000,0x00000000fc980000)
 ParOldGen       total 318464K, used 318329K [0x0000000080000000, 0x0000000093700000, 0x00000000d5580000)
  object space 318464K, 99% used [0x0000000080000000,0x00000000936de668,0x0000000093700000)
 Metaspace       used 10213K, capacity 10314K, committed 10624K, reserved 1058816K
  class space    used 1114K, capacity 1133K, committed 1152K, reserved 1048576K
Event: 8.838 GC heap after
Heap after GC invocations=20 (full 3):
 PSYoungGen      total 379904K, used 0K [0x00000000d5580000, 0x00000000fc980000, 0x0000000100000000)
  eden space 326656K, 0% used [0x00000000d5580000,0x00000000d5580000,0x00000000e9480000)
  from space 53248K, 0% used [0x00000000e9480000,0x00000000e9480000,0x00000000ec880000)
  to   space 127488K, 0% used [0x00000000f4d00000,0x00000000f4d00000,0x00000000fc980000)
 ParOldGen       total 531968K, used 294277K [0x0000000080000000, 0x00000000a0780000, 0x00000000d5580000)
  object space 531968K, 55% used [0x0000000080000000,0x0000000091f61520,0x00000000a0780000)
 Metaspace       used 10213K, capacity 10314K, committed 10624K, reserved 1058816K
  class space    used 1114K, capacity 1133K, committed 1152K, reserved 1048576K
}

