# JRE version: OpenJDK Runtime Environment (8.0_402-b06) (build 1.8.0_402-b06)
# Java VM: OpenJDK 64-Bit Server VM (25.402-b06 mixed mode windows-amd64 compressed oops)
Heap:
 PSYoungGen      total 266752K, used 79553K [0x00000000d5580000, 0x00000000e6a80000, 0x0000000100000000)
  eden space 260096K, 28% used [0x00000000d5580000,0x00000000d9ce02a8,0x00000000e5380000)
  from space 6656K, 97% used [0x00000000e6400000,0x00000000e6a50440,0x00000000e6a80000)
  to   space 10752K, 0% used [0x00000000e5580000,0x00000000e5580000,0x00000000e6000000)
 ParOldGen       total 65024K, used 14180K [0x0000000080000000, 0x0000000083f80000, 0x00000000d5580000)
  object space 65024K, 21% used [0x0000000080000000,0x0000000080dd93c8,0x0000000083f80000)
 Metaspace       used 22716K, capacity 23044K, committed 23424K, reserved 1069056K
  class space    used 2811K, capacity 2892K, committed 2944K, reserved 1048576K
GC Heap History (10 events):
Event: 6.707 GC heap before
{Heap before GC invocations=7 (full 1):
 PSYoungGen      total 144384K, used 7477K [0x00000000d5580000, 0x00000000dee80000, 0x0000000100000000)
  eden space 133120K, 0% used [0x00000000d5580000,0x00000000d5580000,0x00000000dd780000)
  from space 11264K, 66% used [0x00000000de380000,0x00000000deacd478,0x00000000dee80000)
  to   space 11776K, 0% used [0x00000000dd780000,0x00000000dd780000,0x00000000de300000)
 ParOldGen       total 87552K, used 11138K [0x0000000080000000, 0x0000000085580000, 0x00000000d5580000)
  object space 87552K, 12% used [0x0000000080000000,0x0000000080ae0a08,0x0000000085580000)
 Metaspace       used 20864K, capacity 21060K, committed 21296K, reserved 1067008K
  class space    used 2792K, capacity 2872K, committed 2944K, reserved 1048576K
Event: 6.789 GC heap after
Heap after GC invocations=7 (full 1):
 PSYoungGen      total 144384K, used 0K [0x00000000d5580000, 0x00000000dee80000, 0x0000000100000000)
  eden space 133120K, 0% used [0x00000000d5580000,0x00000000d5580000,0x00000000dd780000)
  from space 11264K, 0% used [0x00000000de380000,0x00000000de380000,0x00000000dee80000)
  to   space 11776K, 0% used [0x00000000dd780000,0x00000000dd780000,0x00000000de300000)
 ParOldGen       total 65024K, used 13954K [0x0000000080000000, 0x0000000083f80000, 0x00000000d5580000)
  object space 65024K, 21% used [0x0000000080000000,0x0000000080da0b68,0x0000000083f80000)
 Metaspace       used 20864K, capacity 21060K, committed 21296K, reserved 1067008K
  class space    used 2792K, capacity 2872K, committed 2944K, reserved 1048576K
}
Event: 64.029 GC heap before
{Heap before GC invocations=8 (full 1):
 PSYoungGen      total 144384K, used 133120K [0x00000000d5580000, 0x00000000dee80000, 0x0000000100000000)
  eden space 133120K, 100% used [0x00000000d5580000,0x00000000dd780000,0x00000000dd780000)
  from space 11264K, 0% used [0x00000000de380000,0x00000000de380000,0x00000000dee80000)
  to   space 11776K, 0% used [0x00000000dd780000,0x00000000dd780000,0x00000000de300000)
 ParOldGen       total 65024K, used 13954K [0x0000000080000000, 0x0000000083f80000, 0x00000000d5580000)
  object space 65024K, 21% used [0x0000000080000000,0x0000000080da0b68,0x0000000083f80000)
 Metaspace       used 21674K, capacity 21948K, committed 22144K, reserved 1069056K
  class space    used 2809K, capacity 2892K, committed 2944K, reserved 1048576K
Event: 64.036 GC heap after
Heap after GC invocations=8 (full 1):
 PSYoungGen      total 144896K, used 3776K [0x00000000d5580000, 0x00000000e3f00000, 0x0000000100000000)
  eden space 133120K, 0% used [0x00000000d5580000,0x00000000d5580000,0x00000000dd780000)
  from space 11776K, 32% used [0x00000000dd780000,0x00000000ddb30280,0x00000000de300000)
  to   space 11776K, 0% used [0x00000000e3380000,0x00000000e3380000,0x00000000e3f00000)
 ParOldGen       total 65024K, used 13962K [0x0000000080000000, 0x0000000083f80000, 0x00000000d5580000)
  object space 65024K, 21% used [0x0000000080000000,0x0000000080da2b68,0x0000000083f80000)
 Metaspace       used 21674K, capacity 21948K, committed 22144K, reserved 1069056K
  class space    used 2809K, capacity 2892K, committed 2944K, reserved 1048576K
}
Event: 130.785 GC heap before
{Heap before GC invocations=9 (full 1):
 PSYoungGen      total 144896K, used 136896K [0x00000000d5580000, 0x00000000e3f00000, 0x0000000100000000)
  eden space 133120K, 100% used [0x00000000d5580000,0x00000000dd780000,0x00000000dd780000)
  from space 11776K, 32% used [0x00000000dd780000,0x00000000ddb30280,0x00000000de300000)
  to   space 11776K, 0% used [0x00000000e3380000,0x00000000e3380000,0x00000000e3f00000)
 ParOldGen       total 65024K, used 13962K [0x0000000080000000, 0x0000000083f80000, 0x00000000d5580000)
  object space 65024K, 21% used [0x0000000080000000,0x0000000080da2b68,0x0000000083f80000)
 Metaspace       used 22098K, capacity 22396K, committed 22656K, reserved 1069056K
  class space    used 2811K, capacity 2892K, committed 2944K, reserved 1048576K
Event: 130.797 GC heap after
Heap after GC invocations=9 (full 1):
 PSYoungGen      total 211456K, used 4976K [0x00000000d5580000, 0x00000000e3880000, 0x0000000100000000)
  eden space 206336K, 0% used [0x00000000d5580000,0x00000000d5580000,0x00000000e1f00000)
  from space 5120K, 97% used [0x00000000e3380000,0x00000000e385c350,0x00000000e3880000)
  to   space 11776K, 0% used [0x00000000e2180000,0x00000000e2180000,0x00000000e2d00000)
 ParOldGen       total 65024K, used 13962K [0x0000000080000000, 0x0000000083f80000, 0x00000000d5580000)
  object space 65024K, 21% used [0x0000000080000000,0x0000000080da2b68,0x0000000083f80000)
 Metaspace       used 22098K, capacity 22396K, committed 22656K, reserved 1069056K
  class space    used 2811K, capacity 2892K, committed 2944K, reserved 1048576K
}
Event: 219.693 GC heap before
{Heap before GC invocations=10 (full 1):
 PSYoungGen      total 211456K, used 211312K [0x00000000d5580000, 0x00000000e3880000, 0x0000000100000000)
  eden space 206336K, 100% used [0x00000000d5580000,0x00000000e1f00000,0x00000000e1f00000)
  from space 5120K, 97% used [0x00000000e3380000,0x00000000e385c350,0x00000000e3880000)
  to   space 11776K, 0% used [0x00000000e2180000,0x00000000e2180000,0x00000000e2d00000)
 ParOldGen       total 65024K, used 13962K [0x0000000080000000, 0x0000000083f80000, 0x00000000d5580000)
  object space 65024K, 21% used [0x0000000080000000,0x0000000080da2b68,0x0000000083f80000)
 Metaspace       used 22311K, capacity 22588K, committed 22912K, reserved 1069056K
  class space    used 2811K, capacity 2892K, committed 2944K, reserved 1048576K
Event: 219.702 GC heap after
Heap after GC invocations=10 (full 1):
 PSYoungGen      total 220672K, used 6576K [0x00000000d5580000, 0x00000000e6f00000, 0x0000000100000000)
  eden space 208896K, 0% used [0x00000000d5580000,0x00000000d5580000,0x00000000e2180000)
  from space 11776K, 55% used [0x00000000e2180000,0x00000000e27ec3f0,0x00000000e2d00000)
  to   space 11264K, 0% used [0x00000000e6400000,0x00000000e6400000,0x00000000e6f00000)
 ParOldGen       total 65024K, used 13962K [0x0000000080000000, 0x0000000083f80000, 0x00000000d5580000)
  object space 65024K, 21% used [0x0000000080000000,0x0000000080da2b68,0x0000000083f80000)
 Metaspace       used 22311K, capacity 22588K, committed 22912K, reserved 1069056K
  class space    used 2811K, capacity 2892K, committed 2944K, reserved 1048576K
}
Event: 306.273 GC heap before
{Heap before GC invocations=11 (full 1):
 PSYoungGen      total 220672K, used 215472K [0x00000000d5580000, 0x00000000e6f00000, 0x0000000100000000)
  eden space 208896K, 100% used [0x00000000d5580000,0x00000000e2180000,0x00000000e2180000)
  from space 11776K, 55% used [0x00000000e2180000,0x00000000e27ec3f0,0x00000000e2d00000)
  to   space 11264K, 0% used [0x00000000e6400000,0x00000000e6400000,0x00000000e6f00000)
 ParOldGen       total 65024K, used 13962K [0x0000000080000000, 0x0000000083f80000, 0x00000000d5580000)
  object space 65024K, 21% used [0x0000000080000000,0x0000000080da2b68,0x0000000083f80000)
 Metaspace       used 22544K, capacity 22780K, committed 23168K, reserved 1069056K
  class space    used 2811K, capacity 2892K, committed 2944K, reserved 1048576K
Event: 306.283 GC heap after
Heap after GC invocations=11 (full 1):
 PSYoungGen      total 266752K, used 6465K [0x00000000d5580000, 0x00000000e6a80000, 0x0000000100000000)
  eden space 260096K, 0% used [0x00000000d5580000,0x00000000d5580000,0x00000000e5380000)
  from space 6656K, 97% used [0x00000000e6400000,0x00000000e6a50440,0x00000000e6a80000)
  to   space 10752K, 0% used [0x00000000e5580000,0x00000000e5580000,0x00000000e6000000)
 ParOldGen       total 65024K, used 14180K [0x0000000080000000, 0x0000000083f80000, 0x00000000d5580000)
  object space 65024K, 21% used [0x0000000080000000,0x0000000080dd93c8,0x0000000083f80000)
 Metaspace       used 22544K, capacity 22780K, committed 23168K, reserved 1069056K
  class space    used 2811K, capacity 2892K, committed 2944K, reserved 1048576K
}

